The system is: Linux - 3.10.0-514.el7.x86_64 - x86_64
Compiling the C compiler identification source file "CMakeCCompilerId.c" succeeded.
Compiler: /usr/bin/cc 
Build flags: 
Id flags: 

The output was:
0


Compilation of the C compiler identification source "CMakeCCompilerId.c" produced "a.out"

The C compiler identification is GNU, found in "/home/thz/IM/base-cli/CMakeFiles/3.7.2/CompilerIdC/a.out"

Compiling the CXX compiler identification source file "CMakeCXXCompilerId.cpp" succeeded.
Compiler: /usr/bin/c++ 
Build flags: 
Id flags: 

The output was:
0


Compilation of the CXX compiler identification source "CMakeCXXCompilerId.cpp" produced "a.out"

The CXX compiler identification is GNU, found in "/home/thz/IM/base-cli/CMakeFiles/3.7.2/CompilerIdCXX/a.out"

Determining if the C compiler works passed with the following output:
Change Dir: /home/thz/IM/base-cli/CMakeFiles/CMakeTmp

Run Build Command:"/usr/bin/gmake" "cmTC_bb491/fast"
/usr/bin/gmake -f CMakeFiles/cmTC_bb491.dir/build.make CMakeFiles/cmTC_bb491.dir/build
gmake[1]: Entering directory `/home/thz/IM/base-cli/CMakeFiles/CMakeTmp'
Building C object CMakeFiles/cmTC_bb491.dir/testCCompiler.c.o
/usr/bin/cc     -o CMakeFiles/cmTC_bb491.dir/testCCompiler.c.o   -c /home/thz/IM/base-cli/CMakeFiles/CMakeTmp/testCCompiler.c
Linking C executable cmTC_bb491
/usr/local/bin/cmake -E cmake_link_script CMakeFiles/cmTC_bb491.dir/link.txt --verbose=1
/usr/bin/cc       CMakeFiles/cmTC_bb491.dir/testCCompiler.c.o  -o cmTC_bb491 -rdynamic 
gmake[1]: Leaving directory `/home/thz/IM/base-cli/CMakeFiles/CMakeTmp'


Detecting C compiler ABI info compiled with the following output:
Change Dir: /home/thz/IM/base-cli/CMakeFiles/CMakeTmp

Run Build Command:"/usr/bin/gmake" "cmTC_b037e/fast"
/usr/bin/gmake -f CMakeFiles/cmTC_b037e.dir/build.make CMakeFiles/cmTC_b037e.dir/build
gmake[1]: Entering directory `/home/thz/IM/base-cli/CMakeFiles/CMakeTmp'
Building C object CMakeFiles/cmTC_b037e.dir/CMakeCCompilerABI.c.o
/usr/bin/cc     -o CMakeFiles/cmTC_b037e.dir/CMakeCCompilerABI.c.o   -c /usr/local/share/cmake-3.7/Modules/CMakeCCompilerABI.c
Linking C executable cmTC_b037e
/usr/local/bin/cmake -E cmake_link_script CMakeFiles/cmTC_b037e.dir/link.txt --verbose=1
/usr/bin/cc      -v CMakeFiles/cmTC_b037e.dir/CMakeCCompilerABI.c.o  -o cmTC_b037e -rdynamic  
Using built-in specs.
COLLECT_GCC=/usr/bin/cc
COLLECT_LTO_WRAPPER=/usr/local/gcc/libexec/gcc/x86_64-unknown-linux-gnu/4.9.2/lto-wrapper
Target: x86_64-unknown-linux-gnu
Configured with: ./configure --prefix=/usr/local/gcc --enable-bootstrap --enable-checking=release --enable-languages=c,c++ --disable-multilib
Thread model: posix
gcc version 4.9.2 (GCC) 
COMPILER_PATH=/usr/local/gcc/libexec/gcc/x86_64-unknown-linux-gnu/4.9.2/:/usr/local/gcc/libexec/gcc/x86_64-unknown-linux-gnu/4.9.2/:/usr/local/gcc/libexec/gcc/x86_64-unknown-linux-gnu/:/usr/local/gcc/lib/gcc/x86_64-unknown-linux-gnu/4.9.2/:/usr/local/gcc/lib/gcc/x86_64-unknown-linux-gnu/
LIBRARY_PATH=/usr/local/gcc/lib/gcc/x86_64-unknown-linux-gnu/4.9.2/:/usr/local/gcc/lib/gcc/x86_64-unknown-linux-gnu/4.9.2/../../../../lib64/:/lib/../lib64/:/usr/lib/../lib64/:/usr/local/gcc/lib/gcc/x86_64-unknown-linux-gnu/4.9.2/../../../:/lib/:/usr/lib/
COLLECT_GCC_OPTIONS='-v' '-o' 'cmTC_b037e' '-rdynamic' '-mtune=generic' '-march=x86-64'
 /usr/local/gcc/libexec/gcc/x86_64-unknown-linux-gnu/4.9.2/collect2 --eh-frame-hdr -m elf_x86_64 -export-dynamic -dynamic-linker /lib64/ld-linux-x86-64.so.2 -o cmTC_b037e /lib/../lib64/crt1.o /lib/../lib64/crti.o /usr/local/gcc/lib/gcc/x86_64-unknown-linux-gnu/4.9.2/crtbegin.o -L/usr/local/gcc/lib/gcc/x86_64-unknown-linux-gnu/4.9.2 -L/usr/local/gcc/lib/gcc/x86_64-unknown-linux-gnu/4.9.2/../../../../lib64 -L/lib/../lib64 -L/usr/lib/../lib64 -L/usr/local/gcc/lib/gcc/x86_64-unknown-linux-gnu/4.9.2/../../.. CMakeFiles/cmTC_b037e.dir/CMakeCCompilerABI.c.o -lgcc --as-needed -lgcc_s --no-as-needed -lc -lgcc --as-needed -lgcc_s --no-as-needed /usr/local/gcc/lib/gcc/x86_64-unknown-linux-gnu/4.9.2/crtend.o /lib/../lib64/crtn.o
gmake[1]: Leaving directory `/home/thz/IM/base-cli/CMakeFiles/CMakeTmp'


Parsed C implicit link information from above output:
  link line regex: [^( *|.*[/\])(ld|([^/\]+-)?ld|collect2)[^/\]*( |$)]
  ignore line: [Change Dir: /home/thz/IM/base-cli/CMakeFiles/CMakeTmp]
  ignore line: []
  ignore line: [Run Build Command:"/usr/bin/gmake" "cmTC_b037e/fast"]
  ignore line: [/usr/bin/gmake -f CMakeFiles/cmTC_b037e.dir/build.make CMakeFiles/cmTC_b037e.dir/build]
  ignore line: [gmake[1]: Entering directory `/home/thz/IM/base-cli/CMakeFiles/CMakeTmp']
  ignore line: [Building C object CMakeFiles/cmTC_b037e.dir/CMakeCCompilerABI.c.o]
  ignore line: [/usr/bin/cc     -o CMakeFiles/cmTC_b037e.dir/CMakeCCompilerABI.c.o   -c /usr/local/share/cmake-3.7/Modules/CMakeCCompilerABI.c]
  ignore line: [Linking C executable cmTC_b037e]
  ignore line: [/usr/local/bin/cmake -E cmake_link_script CMakeFiles/cmTC_b037e.dir/link.txt --verbose=1]
  ignore line: [/usr/bin/cc      -v CMakeFiles/cmTC_b037e.dir/CMakeCCompilerABI.c.o  -o cmTC_b037e -rdynamic  ]
  ignore line: [Using built-in specs.]
  ignore line: [COLLECT_GCC=/usr/bin/cc]
  ignore line: [COLLECT_LTO_WRAPPER=/usr/local/gcc/libexec/gcc/x86_64-unknown-linux-gnu/4.9.2/lto-wrapper]
  ignore line: [Target: x86_64-unknown-linux-gnu]
  ignore line: [Configured with: ./configure --prefix=/usr/local/gcc --enable-bootstrap --enable-checking=release --enable-languages=c,c++ --disable-multilib]
  ignore line: [Thread model: posix]
  ignore line: [gcc version 4.9.2 (GCC) ]
  ignore line: [COMPILER_PATH=/usr/local/gcc/libexec/gcc/x86_64-unknown-linux-gnu/4.9.2/:/usr/local/gcc/libexec/gcc/x86_64-unknown-linux-gnu/4.9.2/:/usr/local/gcc/libexec/gcc/x86_64-unknown-linux-gnu/:/usr/local/gcc/lib/gcc/x86_64-unknown-linux-gnu/4.9.2/:/usr/local/gcc/lib/gcc/x86_64-unknown-linux-gnu/]
  ignore line: [LIBRARY_PATH=/usr/local/gcc/lib/gcc/x86_64-unknown-linux-gnu/4.9.2/:/usr/local/gcc/lib/gcc/x86_64-unknown-linux-gnu/4.9.2/../../../../lib64/:/lib/../lib64/:/usr/lib/../lib64/:/usr/local/gcc/lib/gcc/x86_64-unknown-linux-gnu/4.9.2/../../../:/lib/:/usr/lib/]
  ignore line: [COLLECT_GCC_OPTIONS='-v' '-o' 'cmTC_b037e' '-rdynamic' '-mtune=generic' '-march=x86-64']
  link line: [ /usr/local/gcc/libexec/gcc/x86_64-unknown-linux-gnu/4.9.2/collect2 --eh-frame-hdr -m elf_x86_64 -export-dynamic -dynamic-linker /lib64/ld-linux-x86-64.so.2 -o cmTC_b037e /lib/../lib64/crt1.o /lib/../lib64/crti.o /usr/local/gcc/lib/gcc/x86_64-unknown-linux-gnu/4.9.2/crtbegin.o -L/usr/local/gcc/lib/gcc/x86_64-unknown-linux-gnu/4.9.2 -L/usr/local/gcc/lib/gcc/x86_64-unknown-linux-gnu/4.9.2/../../../../lib64 -L/lib/../lib64 -L/usr/lib/../lib64 -L/usr/local/gcc/lib/gcc/x86_64-unknown-linux-gnu/4.9.2/../../.. CMakeFiles/cmTC_b037e.dir/CMakeCCompilerABI.c.o -lgcc --as-needed -lgcc_s --no-as-needed -lc -lgcc --as-needed -lgcc_s --no-as-needed /usr/local/gcc/lib/gcc/x86_64-unknown-linux-gnu/4.9.2/crtend.o /lib/../lib64/crtn.o]
    arg [/usr/local/gcc/libexec/gcc/x86_64-unknown-linux-gnu/4.9.2/collect2] ==> ignore
    arg [--eh-frame-hdr] ==> ignore
    arg [-m] ==> ignore
    arg [elf_x86_64] ==> ignore
    arg [-export-dynamic] ==> ignore
    arg [-dynamic-linker] ==> ignore
    arg [/lib64/ld-linux-x86-64.so.2] ==> ignore
    arg [-o] ==> ignore
    arg [cmTC_b037e] ==> ignore
    arg [/lib/../lib64/crt1.o] ==> ignore
    arg [/lib/../lib64/crti.o] ==> ignore
    arg [/usr/local/gcc/lib/gcc/x86_64-unknown-linux-gnu/4.9.2/crtbegin.o] ==> ignore
    arg [-L/usr/local/gcc/lib/gcc/x86_64-unknown-linux-gnu/4.9.2] ==> dir [/usr/local/gcc/lib/gcc/x86_64-unknown-linux-gnu/4.9.2]
    arg [-L/usr/local/gcc/lib/gcc/x86_64-unknown-linux-gnu/4.9.2/../../../../lib64] ==> dir [/usr/local/gcc/lib/gcc/x86_64-unknown-linux-gnu/4.9.2/../../../../lib64]
    arg [-L/lib/../lib64] ==> dir [/lib/../lib64]
    arg [-L/usr/lib/../lib64] ==> dir [/usr/lib/../lib64]
    arg [-L/usr/local/gcc/lib/gcc/x86_64-unknown-linux-gnu/4.9.2/../../..] ==> dir [/usr/local/gcc/lib/gcc/x86_64-unknown-linux-gnu/4.9.2/../../..]
    arg [CMakeFiles/cmTC_b037e.dir/CMakeCCompilerABI.c.o] ==> ignore
    arg [-lgcc] ==> lib [gcc]
    arg [--as-needed] ==> ignore
    arg [-lgcc_s] ==> lib [gcc_s]
    arg [--no-as-needed] ==> ignore
    arg [-lc] ==> lib [c]
    arg [-lgcc] ==> lib [gcc]
    arg [--as-needed] ==> ignore
    arg [-lgcc_s] ==> lib [gcc_s]
    arg [--no-as-needed] ==> ignore
    arg [/usr/local/gcc/lib/gcc/x86_64-unknown-linux-gnu/4.9.2/crtend.o] ==> ignore
    arg [/lib/../lib64/crtn.o] ==> ignore
  remove lib [gcc]
  remove lib [gcc_s]
  remove lib [gcc]
  remove lib [gcc_s]
  collapse library dir [/usr/local/gcc/lib/gcc/x86_64-unknown-linux-gnu/4.9.2] ==> [/usr/local/gcc/lib/gcc/x86_64-unknown-linux-gnu/4.9.2]
  collapse library dir [/usr/local/gcc/lib/gcc/x86_64-unknown-linux-gnu/4.9.2/../../../../lib64] ==> [/usr/local/gcc/lib64]
  collapse library dir [/lib/../lib64] ==> [/lib64]
  collapse library dir [/usr/lib/../lib64] ==> [/usr/lib64]
  collapse library dir [/usr/local/gcc/lib/gcc/x86_64-unknown-linux-gnu/4.9.2/../../..] ==> [/usr/local/gcc/lib]
  implicit libs: [c]
  implicit dirs: [/usr/local/gcc/lib/gcc/x86_64-unknown-linux-gnu/4.9.2;/usr/local/gcc/lib64;/lib64;/usr/lib64;/usr/local/gcc/lib]
  implicit fwks: []




Detecting C [-std=c11] compiler features compiled with the following output:
Change Dir: /home/thz/IM/base-cli/CMakeFiles/CMakeTmp

Run Build Command:"/usr/bin/gmake" "cmTC_84a07/fast"
/usr/bin/gmake -f CMakeFiles/cmTC_84a07.dir/build.make CMakeFiles/cmTC_84a07.dir/build
gmake[1]: Entering directory `/home/thz/IM/base-cli/CMakeFiles/CMakeTmp'
Building C object CMakeFiles/cmTC_84a07.dir/feature_tests.c.o
/usr/bin/cc    -std=c11 -o CMakeFiles/cmTC_84a07.dir/feature_tests.c.o   -c /home/thz/IM/base-cli/CMakeFiles/feature_tests.c
Linking C executable cmTC_84a07
/usr/local/bin/cmake -E cmake_link_script CMakeFiles/cmTC_84a07.dir/link.txt --verbose=1
/usr/bin/cc       CMakeFiles/cmTC_84a07.dir/feature_tests.c.o  -o cmTC_84a07 -rdynamic 
gmake[1]: Leaving directory `/home/thz/IM/base-cli/CMakeFiles/CMakeTmp'


    Feature record: C_FEATURE:1c_function_prototypes
    Feature record: C_FEATURE:1c_restrict
    Feature record: C_FEATURE:1c_static_assert
    Feature record: C_FEATURE:1c_variadic_macros


Detecting C [-std=c99] compiler features compiled with the following output:
Change Dir: /home/thz/IM/base-cli/CMakeFiles/CMakeTmp

Run Build Command:"/usr/bin/gmake" "cmTC_2aa75/fast"
/usr/bin/gmake -f CMakeFiles/cmTC_2aa75.dir/build.make CMakeFiles/cmTC_2aa75.dir/build
gmake[1]: Entering directory `/home/thz/IM/base-cli/CMakeFiles/CMakeTmp'
Building C object CMakeFiles/cmTC_2aa75.dir/feature_tests.c.o
/usr/bin/cc    -std=c99 -o CMakeFiles/cmTC_2aa75.dir/feature_tests.c.o   -c /home/thz/IM/base-cli/CMakeFiles/feature_tests.c
Linking C executable cmTC_2aa75
/usr/local/bin/cmake -E cmake_link_script CMakeFiles/cmTC_2aa75.dir/link.txt --verbose=1
/usr/bin/cc       CMakeFiles/cmTC_2aa75.dir/feature_tests.c.o  -o cmTC_2aa75 -rdynamic 
gmake[1]: Leaving directory `/home/thz/IM/base-cli/CMakeFiles/CMakeTmp'


    Feature record: C_FEATURE:1c_function_prototypes
    Feature record: C_FEATURE:1c_restrict
    Feature record: C_FEATURE:0c_static_assert
    Feature record: C_FEATURE:1c_variadic_macros


Detecting C [-std=c90] compiler features compiled with the following output:
Change Dir: /home/thz/IM/base-cli/CMakeFiles/CMakeTmp

Run Build Command:"/usr/bin/gmake" "cmTC_c857d/fast"
/usr/bin/gmake -f CMakeFiles/cmTC_c857d.dir/build.make CMakeFiles/cmTC_c857d.dir/build
gmake[1]: Entering directory `/home/thz/IM/base-cli/CMakeFiles/CMakeTmp'
Building C object CMakeFiles/cmTC_c857d.dir/feature_tests.c.o
/usr/bin/cc    -std=c90 -o CMakeFiles/cmTC_c857d.dir/feature_tests.c.o   -c /home/thz/IM/base-cli/CMakeFiles/feature_tests.c
Linking C executable cmTC_c857d
/usr/local/bin/cmake -E cmake_link_script CMakeFiles/cmTC_c857d.dir/link.txt --verbose=1
/usr/bin/cc       CMakeFiles/cmTC_c857d.dir/feature_tests.c.o  -o cmTC_c857d -rdynamic 
gmake[1]: Leaving directory `/home/thz/IM/base-cli/CMakeFiles/CMakeTmp'


    Feature record: C_FEATURE:1c_function_prototypes
    Feature record: C_FEATURE:0c_restrict
    Feature record: C_FEATURE:0c_static_assert
    Feature record: C_FEATURE:0c_variadic_macros
Determining if the CXX compiler works passed with the following output:
Change Dir: /home/thz/IM/base-cli/CMakeFiles/CMakeTmp

Run Build Command:"/usr/bin/gmake" "cmTC_ae4be/fast"
/usr/bin/gmake -f CMakeFiles/cmTC_ae4be.dir/build.make CMakeFiles/cmTC_ae4be.dir/build
gmake[1]: Entering directory `/home/thz/IM/base-cli/CMakeFiles/CMakeTmp'
Building CXX object CMakeFiles/cmTC_ae4be.dir/testCXXCompiler.cxx.o
/usr/bin/c++      -o CMakeFiles/cmTC_ae4be.dir/testCXXCompiler.cxx.o -c /home/thz/IM/base-cli/CMakeFiles/CMakeTmp/testCXXCompiler.cxx
Linking CXX executable cmTC_ae4be
/usr/local/bin/cmake -E cmake_link_script CMakeFiles/cmTC_ae4be.dir/link.txt --verbose=1
/usr/bin/c++        CMakeFiles/cmTC_ae4be.dir/testCXXCompiler.cxx.o  -o cmTC_ae4be -rdynamic 
gmake[1]: Leaving directory `/home/thz/IM/base-cli/CMakeFiles/CMakeTmp'


Detecting CXX compiler ABI info compiled with the following output:
Change Dir: /home/thz/IM/base-cli/CMakeFiles/CMakeTmp

Run Build Command:"/usr/bin/gmake" "cmTC_439b4/fast"
/usr/bin/gmake -f CMakeFiles/cmTC_439b4.dir/build.make CMakeFiles/cmTC_439b4.dir/build
gmake[1]: Entering directory `/home/thz/IM/base-cli/CMakeFiles/CMakeTmp'
Building CXX object CMakeFiles/cmTC_439b4.dir/CMakeCXXCompilerABI.cpp.o
/usr/bin/c++      -o CMakeFiles/cmTC_439b4.dir/CMakeCXXCompilerABI.cpp.o -c /usr/local/share/cmake-3.7/Modules/CMakeCXXCompilerABI.cpp
Linking CXX executable cmTC_439b4
/usr/local/bin/cmake -E cmake_link_script CMakeFiles/cmTC_439b4.dir/link.txt --verbose=1
/usr/bin/c++       -v CMakeFiles/cmTC_439b4.dir/CMakeCXXCompilerABI.cpp.o  -o cmTC_439b4 -rdynamic  
Using built-in specs.
COLLECT_GCC=/usr/bin/c++
COLLECT_LTO_WRAPPER=/usr/local/gcc/libexec/gcc/x86_64-unknown-linux-gnu/4.9.2/lto-wrapper
Target: x86_64-unknown-linux-gnu
Configured with: ./configure --prefix=/usr/local/gcc --enable-bootstrap --enable-checking=release --enable-languages=c,c++ --disable-multilib
Thread model: posix
gcc version 4.9.2 (GCC) 
COMPILER_PATH=/usr/local/gcc/libexec/gcc/x86_64-unknown-linux-gnu/4.9.2/:/usr/local/gcc/libexec/gcc/x86_64-unknown-linux-gnu/4.9.2/:/usr/local/gcc/libexec/gcc/x86_64-unknown-linux-gnu/:/usr/local/gcc/lib/gcc/x86_64-unknown-linux-gnu/4.9.2/:/usr/local/gcc/lib/gcc/x86_64-unknown-linux-gnu/
LIBRARY_PATH=/usr/local/gcc/lib/gcc/x86_64-unknown-linux-gnu/4.9.2/:/usr/local/gcc/lib/gcc/x86_64-unknown-linux-gnu/4.9.2/../../../../lib64/:/lib/../lib64/:/usr/lib/../lib64/:/usr/local/gcc/lib/gcc/x86_64-unknown-linux-gnu/4.9.2/../../../:/lib/:/usr/lib/
COLLECT_GCC_OPTIONS='-v' '-o' 'cmTC_439b4' '-rdynamic' '-shared-libgcc' '-mtune=generic' '-march=x86-64'
 /usr/local/gcc/libexec/gcc/x86_64-unknown-linux-gnu/4.9.2/collect2 --eh-frame-hdr -m elf_x86_64 -export-dynamic -dynamic-linker /lib64/ld-linux-x86-64.so.2 -o cmTC_439b4 /lib/../lib64/crt1.o /lib/../lib64/crti.o /usr/local/gcc/lib/gcc/x86_64-unknown-linux-gnu/4.9.2/crtbegin.o -L/usr/local/gcc/lib/gcc/x86_64-unknown-linux-gnu/4.9.2 -L/usr/local/gcc/lib/gcc/x86_64-unknown-linux-gnu/4.9.2/../../../../lib64 -L/lib/../lib64 -L/usr/lib/../lib64 -L/usr/local/gcc/lib/gcc/x86_64-unknown-linux-gnu/4.9.2/../../.. CMakeFiles/cmTC_439b4.dir/CMakeCXXCompilerABI.cpp.o -lstdc++ -lm -lgcc_s -lgcc -lc -lgcc_s -lgcc /usr/local/gcc/lib/gcc/x86_64-unknown-linux-gnu/4.9.2/crtend.o /lib/../lib64/crtn.o
gmake[1]: Leaving directory `/home/thz/IM/base-cli/CMakeFiles/CMakeTmp'


Parsed CXX implicit link information from above output:
  link line regex: [^( *|.*[/\])(ld|([^/\]+-)?ld|collect2)[^/\]*( |$)]
  ignore line: [Change Dir: /home/thz/IM/base-cli/CMakeFiles/CMakeTmp]
  ignore line: []
  ignore line: [Run Build Command:"/usr/bin/gmake" "cmTC_439b4/fast"]
  ignore line: [/usr/bin/gmake -f CMakeFiles/cmTC_439b4.dir/build.make CMakeFiles/cmTC_439b4.dir/build]
  ignore line: [gmake[1]: Entering directory `/home/thz/IM/base-cli/CMakeFiles/CMakeTmp']
  ignore line: [Building CXX object CMakeFiles/cmTC_439b4.dir/CMakeCXXCompilerABI.cpp.o]
  ignore line: [/usr/bin/c++      -o CMakeFiles/cmTC_439b4.dir/CMakeCXXCompilerABI.cpp.o -c /usr/local/share/cmake-3.7/Modules/CMakeCXXCompilerABI.cpp]
  ignore line: [Linking CXX executable cmTC_439b4]
  ignore line: [/usr/local/bin/cmake -E cmake_link_script CMakeFiles/cmTC_439b4.dir/link.txt --verbose=1]
  ignore line: [/usr/bin/c++       -v CMakeFiles/cmTC_439b4.dir/CMakeCXXCompilerABI.cpp.o  -o cmTC_439b4 -rdynamic  ]
  ignore line: [Using built-in specs.]
  ignore line: [COLLECT_GCC=/usr/bin/c++]
  ignore line: [COLLECT_LTO_WRAPPER=/usr/local/gcc/libexec/gcc/x86_64-unknown-linux-gnu/4.9.2/lto-wrapper]
  ignore line: [Target: x86_64-unknown-linux-gnu]
  ignore line: [Configured with: ./configure --prefix=/usr/local/gcc --enable-bootstrap --enable-checking=release --enable-languages=c,c++ --disable-multilib]
  ignore line: [Thread model: posix]
  ignore line: [gcc version 4.9.2 (GCC) ]
  ignore line: [COMPILER_PATH=/usr/local/gcc/libexec/gcc/x86_64-unknown-linux-gnu/4.9.2/:/usr/local/gcc/libexec/gcc/x86_64-unknown-linux-gnu/4.9.2/:/usr/local/gcc/libexec/gcc/x86_64-unknown-linux-gnu/:/usr/local/gcc/lib/gcc/x86_64-unknown-linux-gnu/4.9.2/:/usr/local/gcc/lib/gcc/x86_64-unknown-linux-gnu/]
  ignore line: [LIBRARY_PATH=/usr/local/gcc/lib/gcc/x86_64-unknown-linux-gnu/4.9.2/:/usr/local/gcc/lib/gcc/x86_64-unknown-linux-gnu/4.9.2/../../../../lib64/:/lib/../lib64/:/usr/lib/../lib64/:/usr/local/gcc/lib/gcc/x86_64-unknown-linux-gnu/4.9.2/../../../:/lib/:/usr/lib/]
  ignore line: [COLLECT_GCC_OPTIONS='-v' '-o' 'cmTC_439b4' '-rdynamic' '-shared-libgcc' '-mtune=generic' '-march=x86-64']
  link line: [ /usr/local/gcc/libexec/gcc/x86_64-unknown-linux-gnu/4.9.2/collect2 --eh-frame-hdr -m elf_x86_64 -export-dynamic -dynamic-linker /lib64/ld-linux-x86-64.so.2 -o cmTC_439b4 /lib/../lib64/crt1.o /lib/../lib64/crti.o /usr/local/gcc/lib/gcc/x86_64-unknown-linux-gnu/4.9.2/crtbegin.o -L/usr/local/gcc/lib/gcc/x86_64-unknown-linux-gnu/4.9.2 -L/usr/local/gcc/lib/gcc/x86_64-unknown-linux-gnu/4.9.2/../../../../lib64 -L/lib/../lib64 -L/usr/lib/../lib64 -L/usr/local/gcc/lib/gcc/x86_64-unknown-linux-gnu/4.9.2/../../.. CMakeFiles/cmTC_439b4.dir/CMakeCXXCompilerABI.cpp.o -lstdc++ -lm -lgcc_s -lgcc -lc -lgcc_s -lgcc /usr/local/gcc/lib/gcc/x86_64-unknown-linux-gnu/4.9.2/crtend.o /lib/../lib64/crtn.o]
    arg [/usr/local/gcc/libexec/gcc/x86_64-unknown-linux-gnu/4.9.2/collect2] ==> ignore
    arg [--eh-frame-hdr] ==> ignore
    arg [-m] ==> ignore
    arg [elf_x86_64] ==> ignore
    arg [-export-dynamic] ==> ignore
    arg [-dynamic-linker] ==> ignore
    arg [/lib64/ld-linux-x86-64.so.2] ==> ignore
    arg [-o] ==> ignore
    arg [cmTC_439b4] ==> ignore
    arg [/lib/../lib64/crt1.o] ==> ignore
    arg [/lib/../lib64/crti.o] ==> ignore
    arg [/usr/local/gcc/lib/gcc/x86_64-unknown-linux-gnu/4.9.2/crtbegin.o] ==> ignore
    arg [-L/usr/local/gcc/lib/gcc/x86_64-unknown-linux-gnu/4.9.2] ==> dir [/usr/local/gcc/lib/gcc/x86_64-unknown-linux-gnu/4.9.2]
    arg [-L/usr/local/gcc/lib/gcc/x86_64-unknown-linux-gnu/4.9.2/../../../../lib64] ==> dir [/usr/local/gcc/lib/gcc/x86_64-unknown-linux-gnu/4.9.2/../../../../lib64]
    arg [-L/lib/../lib64] ==> dir [/lib/../lib64]
    arg [-L/usr/lib/../lib64] ==> dir [/usr/lib/../lib64]
    arg [-L/usr/local/gcc/lib/gcc/x86_64-unknown-linux-gnu/4.9.2/../../..] ==> dir [/usr/local/gcc/lib/gcc/x86_64-unknown-linux-gnu/4.9.2/../../..]
    arg [CMakeFiles/cmTC_439b4.dir/CMakeCXXCompilerABI.cpp.o] ==> ignore
    arg [-lstdc++] ==> lib [stdc++]
    arg [-lm] ==> lib [m]
    arg [-lgcc_s] ==> lib [gcc_s]
    arg [-lgcc] ==> lib [gcc]
    arg [-lc] ==> lib [c]
    arg [-lgcc_s] ==> lib [gcc_s]
    arg [-lgcc] ==> lib [gcc]
    arg [/usr/local/gcc/lib/gcc/x86_64-unknown-linux-gnu/4.9.2/crtend.o] ==> ignore
    arg [/lib/../lib64/crtn.o] ==> ignore
  remove lib [gcc_s]
  remove lib [gcc]
  remove lib [gcc_s]
  remove lib [gcc]
  collapse library dir [/usr/local/gcc/lib/gcc/x86_64-unknown-linux-gnu/4.9.2] ==> [/usr/local/gcc/lib/gcc/x86_64-unknown-linux-gnu/4.9.2]
  collapse library dir [/usr/local/gcc/lib/gcc/x86_64-unknown-linux-gnu/4.9.2/../../../../lib64] ==> [/usr/local/gcc/lib64]
  collapse library dir [/lib/../lib64] ==> [/lib64]
  collapse library dir [/usr/lib/../lib64] ==> [/usr/lib64]
  collapse library dir [/usr/local/gcc/lib/gcc/x86_64-unknown-linux-gnu/4.9.2/../../..] ==> [/usr/local/gcc/lib]
  implicit libs: [stdc++;m;c]
  implicit dirs: [/usr/local/gcc/lib/gcc/x86_64-unknown-linux-gnu/4.9.2;/usr/local/gcc/lib64;/lib64;/usr/lib64;/usr/local/gcc/lib]
  implicit fwks: []




Detecting CXX [-std=c++14] compiler features compiled with the following output:
Change Dir: /home/thz/IM/base-cli/CMakeFiles/CMakeTmp

Run Build Command:"/usr/bin/gmake" "cmTC_81020/fast"
/usr/bin/gmake -f CMakeFiles/cmTC_81020.dir/build.make CMakeFiles/cmTC_81020.dir/build
gmake[1]: Entering directory `/home/thz/IM/base-cli/CMakeFiles/CMakeTmp'
Building CXX object CMakeFiles/cmTC_81020.dir/feature_tests.cxx.o
/usr/bin/c++     -std=c++14 -o CMakeFiles/cmTC_81020.dir/feature_tests.cxx.o -c /home/thz/IM/base-cli/CMakeFiles/feature_tests.cxx
Linking CXX executable cmTC_81020
/usr/local/bin/cmake -E cmake_link_script CMakeFiles/cmTC_81020.dir/link.txt --verbose=1
/usr/bin/c++        CMakeFiles/cmTC_81020.dir/feature_tests.cxx.o  -o cmTC_81020 -rdynamic 
gmake[1]: Leaving directory `/home/thz/IM/base-cli/CMakeFiles/CMakeTmp'


    Feature record: CXX_FEATURE:0cxx_aggregate_default_initializers
    Feature record: CXX_FEATURE:1cxx_alias_templates
    Feature record: CXX_FEATURE:1cxx_alignas
    Feature record: CXX_FEATURE:1cxx_alignof
    Feature record: CXX_FEATURE:1cxx_attributes
    Feature record: CXX_FEATURE:1cxx_attribute_deprecated
    Feature record: CXX_FEATURE:1cxx_auto_type
    Feature record: CXX_FEATURE:1cxx_binary_literals
    Feature record: CXX_FEATURE:1cxx_constexpr
    Feature record: CXX_FEATURE:1cxx_contextual_conversions
    Feature record: CXX_FEATURE:1cxx_decltype
    Feature record: CXX_FEATURE:1cxx_decltype_auto
    Feature record: CXX_FEATURE:1cxx_decltype_incomplete_return_types
    Feature record: CXX_FEATURE:1cxx_default_function_template_args
    Feature record: CXX_FEATURE:1cxx_defaulted_functions
    Feature record: CXX_FEATURE:1cxx_defaulted_move_initializers
    Feature record: CXX_FEATURE:1cxx_delegating_constructors
    Feature record: CXX_FEATURE:1cxx_deleted_functions
    Feature record: CXX_FEATURE:1cxx_digit_separators
    Feature record: CXX_FEATURE:1cxx_enum_forward_declarations
    Feature record: CXX_FEATURE:1cxx_explicit_conversions
    Feature record: CXX_FEATURE:1cxx_extended_friend_declarations
    Feature record: CXX_FEATURE:1cxx_extern_templates
    Feature record: CXX_FEATURE:1cxx_final
    Feature record: CXX_FEATURE:1cxx_func_identifier
    Feature record: CXX_FEATURE:1cxx_generalized_initializers
    Feature record: CXX_FEATURE:1cxx_generic_lambdas
    Feature record: CXX_FEATURE:1cxx_inheriting_constructors
    Feature record: CXX_FEATURE:1cxx_inline_namespaces
    Feature record: CXX_FEATURE:1cxx_lambdas
    Feature record: CXX_FEATURE:1cxx_lambda_init_captures
    Feature record: CXX_FEATURE:1cxx_local_type_template_args
    Feature record: CXX_FEATURE:1cxx_long_long_type
    Feature record: CXX_FEATURE:1cxx_noexcept
    Feature record: CXX_FEATURE:1cxx_nonstatic_member_init
    Feature record: CXX_FEATURE:1cxx_nullptr
    Feature record: CXX_FEATURE:1cxx_override
    Feature record: CXX_FEATURE:1cxx_range_for
    Feature record: CXX_FEATURE:1cxx_raw_string_literals
    Feature record: CXX_FEATURE:1cxx_reference_qualified_functions
    Feature record: CXX_FEATURE:0cxx_relaxed_constexpr
    Feature record: CXX_FEATURE:1cxx_return_type_deduction
    Feature record: CXX_FEATURE:1cxx_right_angle_brackets
    Feature record: CXX_FEATURE:1cxx_rvalue_references
    Feature record: CXX_FEATURE:1cxx_sizeof_member
    Feature record: CXX_FEATURE:1cxx_static_assert
    Feature record: CXX_FEATURE:1cxx_strong_enums
    Feature record: CXX_FEATURE:1cxx_template_template_parameters
    Feature record: CXX_FEATURE:1cxx_thread_local
    Feature record: CXX_FEATURE:1cxx_trailing_return_types
    Feature record: CXX_FEATURE:1cxx_unicode_literals
    Feature record: CXX_FEATURE:1cxx_uniform_initialization
    Feature record: CXX_FEATURE:1cxx_unrestricted_unions
    Feature record: CXX_FEATURE:1cxx_user_literals
    Feature record: CXX_FEATURE:0cxx_variable_templates
    Feature record: CXX_FEATURE:1cxx_variadic_macros
    Feature record: CXX_FEATURE:1cxx_variadic_templates


Detecting CXX [-std=c++11] compiler features compiled with the following output:
Change Dir: /home/thz/IM/base-cli/CMakeFiles/CMakeTmp

Run Build Command:"/usr/bin/gmake" "cmTC_4f029/fast"
/usr/bin/gmake -f CMakeFiles/cmTC_4f029.dir/build.make CMakeFiles/cmTC_4f029.dir/build
gmake[1]: Entering directory `/home/thz/IM/base-cli/CMakeFiles/CMakeTmp'
Building CXX object CMakeFiles/cmTC_4f029.dir/feature_tests.cxx.o
/usr/bin/c++     -std=c++11 -o CMakeFiles/cmTC_4f029.dir/feature_tests.cxx.o -c /home/thz/IM/base-cli/CMakeFiles/feature_tests.cxx
Linking CXX executable cmTC_4f029
/usr/local/bin/cmake -E cmake_link_script CMakeFiles/cmTC_4f029.dir/link.txt --verbose=1
/usr/bin/c++        CMakeFiles/cmTC_4f029.dir/feature_tests.cxx.o  -o cmTC_4f029 -rdynamic 
gmake[1]: Leaving directory `/home/thz/IM/base-cli/CMakeFiles/CMakeTmp'


    Feature record: CXX_FEATURE:0cxx_aggregate_default_initializers
    Feature record: CXX_FEATURE:1cxx_alias_templates
    Feature record: CXX_FEATURE:1cxx_alignas
    Feature record: CXX_FEATURE:1cxx_alignof
    Feature record: CXX_FEATURE:1cxx_attributes
    Feature record: CXX_FEATURE:0cxx_attribute_deprecated
    Feature record: CXX_FEATURE:1cxx_auto_type
    Feature record: CXX_FEATURE:0cxx_binary_literals
    Feature record: CXX_FEATURE:1cxx_constexpr
    Feature record: CXX_FEATURE:0cxx_contextual_conversions
    Feature record: CXX_FEATURE:1cxx_decltype
    Feature record: CXX_FEATURE:0cxx_decltype_auto
    Feature record: CXX_FEATURE:1cxx_decltype_incomplete_return_types
    Feature record: CXX_FEATURE:1cxx_default_function_template_args
    Feature record: CXX_FEATURE:1cxx_defaulted_functions
    Feature record: CXX_FEATURE:1cxx_defaulted_move_initializers
    Feature record: CXX_FEATURE:1cxx_delegating_constructors
    Feature record: CXX_FEATURE:1cxx_deleted_functions
    Feature record: CXX_FEATURE:0cxx_digit_separators
    Feature record: CXX_FEATURE:1cxx_enum_forward_declarations
    Feature record: CXX_FEATURE:1cxx_explicit_conversions
    Feature record: CXX_FEATURE:1cxx_extended_friend_declarations
    Feature record: CXX_FEATURE:1cxx_extern_templates
    Feature record: CXX_FEATURE:1cxx_final
    Feature record: CXX_FEATURE:1cxx_func_identifier
    Feature record: CXX_FEATURE:1cxx_generalized_initializers
    Feature record: CXX_FEATURE:0cxx_generic_lambdas
    Feature record: CXX_FEATURE:1cxx_inheriting_constructors
    Feature record: CXX_FEATURE:1cxx_inline_namespaces
    Feature record: CXX_FEATURE:1cxx_lambdas
    Feature record: CXX_FEATURE:0cxx_lambda_init_captures
    Feature record: CXX_FEATURE:1cxx_local_type_template_args
    Feature record: CXX_FEATURE:1cxx_long_long_type
    Feature record: CXX_FEATURE:1cxx_noexcept
    Feature record: CXX_FEATURE:1cxx_nonstatic_member_init
    Feature record: CXX_FEATURE:1cxx_nullptr
    Feature record: CXX_FEATURE:1cxx_override
    Feature record: CXX_FEATURE:1cxx_range_for
    Feature record: CXX_FEATURE:1cxx_raw_string_literals
    Feature record: CXX_FEATURE:1cxx_reference_qualified_functions
    Feature record: CXX_FEATURE:0cxx_relaxed_constexpr
    Feature record: CXX_FEATURE:0cxx_return_type_deduction
    Feature record: CXX_FEATURE:1cxx_right_angle_brackets
    Feature record: CXX_FEATURE:1cxx_rvalue_references
    Feature record: CXX_FEATURE:1cxx_sizeof_member
    Feature record: CXX_FEATURE:1cxx_static_assert
    Feature record: CXX_FEATURE:1cxx_strong_enums
    Feature record: CXX_FEATURE:1cxx_template_template_parameters
    Feature record: CXX_FEATURE:1cxx_thread_local
    Feature record: CXX_FEATURE:1cxx_trailing_return_types
    Feature record: CXX_FEATURE:1cxx_unicode_literals
    Feature record: CXX_FEATURE:1cxx_uniform_initialization
    Feature record: CXX_FEATURE:1cxx_unrestricted_unions
    Feature record: CXX_FEATURE:1cxx_user_literals
    Feature record: CXX_FEATURE:0cxx_variable_templates
    Feature record: CXX_FEATURE:1cxx_variadic_macros
    Feature record: CXX_FEATURE:1cxx_variadic_templates


Detecting CXX [-std=c++98] compiler features compiled with the following output:
Change Dir: /home/thz/IM/base-cli/CMakeFiles/CMakeTmp

Run Build Command:"/usr/bin/gmake" "cmTC_7790a/fast"
/usr/bin/gmake -f CMakeFiles/cmTC_7790a.dir/build.make CMakeFiles/cmTC_7790a.dir/build
gmake[1]: Entering directory `/home/thz/IM/base-cli/CMakeFiles/CMakeTmp'
Building CXX object CMakeFiles/cmTC_7790a.dir/feature_tests.cxx.o
/usr/bin/c++     -std=c++98 -o CMakeFiles/cmTC_7790a.dir/feature_tests.cxx.o -c /home/thz/IM/base-cli/CMakeFiles/feature_tests.cxx
Linking CXX executable cmTC_7790a
/usr/local/bin/cmake -E cmake_link_script CMakeFiles/cmTC_7790a.dir/link.txt --verbose=1
/usr/bin/c++        CMakeFiles/cmTC_7790a.dir/feature_tests.cxx.o  -o cmTC_7790a -rdynamic 
gmake[1]: Leaving directory `/home/thz/IM/base-cli/CMakeFiles/CMakeTmp'


    Feature record: CXX_FEATURE:0cxx_aggregate_default_initializers
    Feature record: CXX_FEATURE:0cxx_alias_templates
    Feature record: CXX_FEATURE:0cxx_alignas
    Feature record: CXX_FEATURE:0cxx_alignof
    Feature record: CXX_FEATURE:0cxx_attributes
    Feature record: CXX_FEATURE:0cxx_attribute_deprecated
    Feature record: CXX_FEATURE:0cxx_auto_type
    Feature record: CXX_FEATURE:0cxx_binary_literals
    Feature record: CXX_FEATURE:0cxx_constexpr
    Feature record: CXX_FEATURE:0cxx_contextual_conversions
    Feature record: CXX_FEATURE:0cxx_decltype
    Feature record: CXX_FEATURE:0cxx_decltype_auto
    Feature record: CXX_FEATURE:0cxx_decltype_incomplete_return_types
    Feature record: CXX_FEATURE:0cxx_default_function_template_args
    Feature record: CXX_FEATURE:0cxx_defaulted_functions
    Feature record: CXX_FEATURE:0cxx_defaulted_move_initializers
    Feature record: CXX_FEATURE:0cxx_delegating_constructors
    Feature record: CXX_FEATURE:0cxx_deleted_functions
    Feature record: CXX_FEATURE:0cxx_digit_separators
    Feature record: CXX_FEATURE:0cxx_enum_forward_declarations
    Feature record: CXX_FEATURE:0cxx_explicit_conversions
    Feature record: CXX_FEATURE:0cxx_extended_friend_declarations
    Feature record: CXX_FEATURE:0cxx_extern_templates
    Feature record: CXX_FEATURE:0cxx_final
    Feature record: CXX_FEATURE:0cxx_func_identifier
    Feature record: CXX_FEATURE:0cxx_generalized_initializers
    Feature record: CXX_FEATURE:0cxx_generic_lambdas
    Feature record: CXX_FEATURE:0cxx_inheriting_constructors
    Feature record: CXX_FEATURE:0cxx_inline_namespaces
    Feature record: CXX_FEATURE:0cxx_lambdas
    Feature record: CXX_FEATURE:0cxx_lambda_init_captures
    Feature record: CXX_FEATURE:0cxx_local_type_template_args
    Feature record: CXX_FEATURE:0cxx_long_long_type
    Feature record: CXX_FEATURE:0cxx_noexcept
    Feature record: CXX_FEATURE:0cxx_nonstatic_member_init
    Feature record: CXX_FEATURE:0cxx_nullptr
    Feature record: CXX_FEATURE:0cxx_override
    Feature record: CXX_FEATURE:0cxx_range_for
    Feature record: CXX_FEATURE:0cxx_raw_string_literals
    Feature record: CXX_FEATURE:0cxx_reference_qualified_functions
    Feature record: CXX_FEATURE:0cxx_relaxed_constexpr
    Feature record: CXX_FEATURE:0cxx_return_type_deduction
    Feature record: CXX_FEATURE:0cxx_right_angle_brackets
    Feature record: CXX_FEATURE:0cxx_rvalue_references
    Feature record: CXX_FEATURE:0cxx_sizeof_member
    Feature record: CXX_FEATURE:0cxx_static_assert
    Feature record: CXX_FEATURE:0cxx_strong_enums
    Feature record: CXX_FEATURE:1cxx_template_template_parameters
    Feature record: CXX_FEATURE:0cxx_thread_local
    Feature record: CXX_FEATURE:0cxx_trailing_return_types
    Feature record: CXX_FEATURE:0cxx_unicode_literals
    Feature record: CXX_FEATURE:0cxx_uniform_initialization
    Feature record: CXX_FEATURE:0cxx_unrestricted_unions
    Feature record: CXX_FEATURE:0cxx_user_literals
    Feature record: CXX_FEATURE:0cxx_variable_templates
    Feature record: CXX_FEATURE:0cxx_variadic_macros
    Feature record: CXX_FEATURE:0cxx_variadic_templates
